[Sat Jan 13 2018 18:25:33 GMT+0800 (中国标准时间)] /articles/detail/5a596e940b0f4f142cbc3bf
Error: Could not find include include file.
    at getIncludePath (c:\Users\Administrator\Desktop\webdqblog\node_modules\ejs\lib\ejs.js:152:13)
    at includeSource (c:\Users\Administrator\Desktop\webdqblog\node_modules\ejs\lib\ejs.js:276:17)
    at c:\Users\Administrator\Desktop\webdqblog\node_modules\ejs\lib\ejs.js:629:26
    at Array.forEach (native)
    at Object.generateSource (c:\Users\Administrator\Desktop\webdqblog\node_modules\ejs\lib\ejs.js:605:15)
    at Object.compile (c:\Users\Administrator\Desktop\webdqblog\node_modules\ejs\lib\ejs.js:509:12)
    at Object.compile (c:\Users\Administrator\Desktop\webdqblog\node_modules\ejs\lib\ejs.js:358:16)
    at handleCache (c:\Users\Administrator\Desktop\webdqblog\node_modules\ejs\lib\ejs.js:201:18)
    at tryHandleCache (c:\Users\Administrator\Desktop\webdqblog\node_modules\ejs\lib\ejs.js:223:14)
    at View.exports.renderFile [as engine] (c:\Users\Administrator\Desktop\webdqblog\node_modules\ejs\lib\ejs.js:437:10)
    at View.render (c:\Users\Administrator\Desktop\webdqblog\node_modules\express\lib\view.js:127:8)
    at tryRender (c:\Users\Administrator\Desktop\webdqblog\node_modules\express\lib\application.js:640:10)
    at EventEmitter.render (c:\Users\Administrator\Desktop\webdqblog\node_modules\express\lib\application.js:592:3)
    at ServerResponse.render (c:\Users\Administrator\Desktop\webdqblog\node_modules\express\lib\response.js:971:7)
    at c:\Users\Administrator\Desktop\webdqblog\app.js:68:7
    at Layer.handle_error (c:\Users\Administrator\Desktop\webdqblog\node_modules\express\lib\router\layer.js:71:5)
[Sat Jan 13 2018 18:31:25 GMT+0800 (中国标准时间)] /public/js/jquery.min.map
Error: Could not find include include file.
    at getIncludePath (c:\Users\Administrator\Desktop\webdqblog\node_modules\ejs\lib\ejs.js:152:13)
    at includeSource (c:\Users\Administrator\Desktop\webdqblog\node_modules\ejs\lib\ejs.js:276:17)
    at c:\Users\Administrator\Desktop\webdqblog\node_modules\ejs\lib\ejs.js:629:26
    at Array.forEach (native)
    at Object.generateSource (c:\Users\Administrator\Desktop\webdqblog\node_modules\ejs\lib\ejs.js:605:15)
    at Object.compile (c:\Users\Administrator\Desktop\webdqblog\node_modules\ejs\lib\ejs.js:509:12)
    at Object.compile (c:\Users\Administrator\Desktop\webdqblog\node_modules\ejs\lib\ejs.js:358:16)
    at handleCache (c:\Users\Administrator\Desktop\webdqblog\node_modules\ejs\lib\ejs.js:201:18)
    at tryHandleCache (c:\Users\Administrator\Desktop\webdqblog\node_modules\ejs\lib\ejs.js:223:14)
    at View.exports.renderFile [as engine] (c:\Users\Administrator\Desktop\webdqblog\node_modules\ejs\lib\ejs.js:437:10)
    at View.render (c:\Users\Administrator\Desktop\webdqblog\node_modules\express\lib\view.js:127:8)
    at tryRender (c:\Users\Administrator\Desktop\webdqblog\node_modules\express\lib\application.js:640:10)
    at EventEmitter.render (c:\Users\Administrator\Desktop\webdqblog\node_modules\express\lib\application.js:592:3)
    at ServerResponse.render (c:\Users\Administrator\Desktop\webdqblog\node_modules\express\lib\response.js:971:7)
    at c:\Users\Administrator\Desktop\webdqblog\app.js:66:7
    at Layer.handle_error (c:\Users\Administrator\Desktop\webdqblog\node_modules\express\lib\router\layer.js:71:5)
[Sat Jan 13 2018 18:34:21 GMT+0800 (中国标准时间)] /articles/detail/5a596e940b0f4f142cbc3bf
Error: Could not find include include file.
    at getIncludePath (c:\Users\Administrator\Desktop\webdqblog\node_modules\ejs\lib\ejs.js:152:13)
    at includeSource (c:\Users\Administrator\Desktop\webdqblog\node_modules\ejs\lib\ejs.js:276:17)
    at c:\Users\Administrator\Desktop\webdqblog\node_modules\ejs\lib\ejs.js:629:26
    at Array.forEach (native)
    at Object.generateSource (c:\Users\Administrator\Desktop\webdqblog\node_modules\ejs\lib\ejs.js:605:15)
    at Object.compile (c:\Users\Administrator\Desktop\webdqblog\node_modules\ejs\lib\ejs.js:509:12)
    at Object.compile (c:\Users\Administrator\Desktop\webdqblog\node_modules\ejs\lib\ejs.js:358:16)
    at handleCache (c:\Users\Administrator\Desktop\webdqblog\node_modules\ejs\lib\ejs.js:201:18)
    at tryHandleCache (c:\Users\Administrator\Desktop\webdqblog\node_modules\ejs\lib\ejs.js:223:14)
    at View.exports.renderFile [as engine] (c:\Users\Administrator\Desktop\webdqblog\node_modules\ejs\lib\ejs.js:437:10)
    at View.render (c:\Users\Administrator\Desktop\webdqblog\node_modules\express\lib\view.js:127:8)
    at tryRender (c:\Users\Administrator\Desktop\webdqblog\node_modules\express\lib\application.js:640:10)
    at EventEmitter.render (c:\Users\Administrator\Desktop\webdqblog\node_modules\express\lib\application.js:592:3)
    at ServerResponse.render (c:\Users\Administrator\Desktop\webdqblog\node_modules\express\lib\response.js:971:7)
    at c:\Users\Administrator\Desktop\webdqblog\app.js:66:7
    at Layer.handle_error (c:\Users\Administrator\Desktop\webdqblog\node_modules\express\lib\router\layer.js:71:5)
[Sat Jan 13 2018 18:34:21 GMT+0800 (中国标准时间)] /articles/detail/5a596e940b0f4f142cbc3bf
Error: Could not find include include file.
    at getIncludePath (c:\Users\Administrator\Desktop\webdqblog\node_modules\ejs\lib\ejs.js:152:13)
    at includeSource (c:\Users\Administrator\Desktop\webdqblog\node_modules\ejs\lib\ejs.js:276:17)
    at c:\Users\Administrator\Desktop\webdqblog\node_modules\ejs\lib\ejs.js:629:26
    at Array.forEach (native)
    at Object.generateSource (c:\Users\Administrator\Desktop\webdqblog\node_modules\ejs\lib\ejs.js:605:15)
    at Object.compile (c:\Users\Administrator\Desktop\webdqblog\node_modules\ejs\lib\ejs.js:509:12)
    at Object.compile (c:\Users\Administrator\Desktop\webdqblog\node_modules\ejs\lib\ejs.js:358:16)
    at handleCache (c:\Users\Administrator\Desktop\webdqblog\node_modules\ejs\lib\ejs.js:201:18)
    at tryHandleCache (c:\Users\Administrator\Desktop\webdqblog\node_modules\ejs\lib\ejs.js:223:14)
    at View.exports.renderFile [as engine] (c:\Users\Administrator\Desktop\webdqblog\node_modules\ejs\lib\ejs.js:437:10)
    at View.render (c:\Users\Administrator\Desktop\webdqblog\node_modules\express\lib\view.js:127:8)
    at tryRender (c:\Users\Administrator\Desktop\webdqblog\node_modules\express\lib\application.js:640:10)
    at EventEmitter.render (c:\Users\Administrator\Desktop\webdqblog\node_modules\express\lib\application.js:592:3)
    at ServerResponse.render (c:\Users\Administrator\Desktop\webdqblog\node_modules\express\lib\response.js:971:7)
    at c:\Users\Administrator\Desktop\webdqblog\app.js:66:7
    at Layer.handle_error (c:\Users\Administrator\Desktop\webdqblog\node_modules\express\lib\router\layer.js:71:5)
[Sat Jan 13 2018 18:35:58 GMT+0800 (中国标准时间)] /articles/detail/5a596e940b0f4f142cbc3bf
Error: Could not find include include file.
    at getIncludePath (c:\Users\Administrator\Desktop\webdqblog\node_modules\ejs\lib\ejs.js:152:13)
    at includeSource (c:\Users\Administrator\Desktop\webdqblog\node_modules\ejs\lib\ejs.js:276:17)
    at c:\Users\Administrator\Desktop\webdqblog\node_modules\ejs\lib\ejs.js:629:26
    at Array.forEach (native)
    at Object.generateSource (c:\Users\Administrator\Desktop\webdqblog\node_modules\ejs\lib\ejs.js:605:15)
    at Object.compile (c:\Users\Administrator\Desktop\webdqblog\node_modules\ejs\lib\ejs.js:509:12)
    at Object.compile (c:\Users\Administrator\Desktop\webdqblog\node_modules\ejs\lib\ejs.js:358:16)
    at handleCache (c:\Users\Administrator\Desktop\webdqblog\node_modules\ejs\lib\ejs.js:201:18)
    at tryHandleCache (c:\Users\Administrator\Desktop\webdqblog\node_modules\ejs\lib\ejs.js:223:14)
    at View.exports.renderFile [as engine] (c:\Users\Administrator\Desktop\webdqblog\node_modules\ejs\lib\ejs.js:437:10)
    at View.render (c:\Users\Administrator\Desktop\webdqblog\node_modules\express\lib\view.js:127:8)
    at tryRender (c:\Users\Administrator\Desktop\webdqblog\node_modules\express\lib\application.js:640:10)
    at EventEmitter.render (c:\Users\Administrator\Desktop\webdqblog\node_modules\express\lib\application.js:592:3)
    at ServerResponse.render (c:\Users\Administrator\Desktop\webdqblog\node_modules\express\lib\response.js:971:7)
    at c:\Users\Administrator\Desktop\webdqblog\app.js:66:7
    at Layer.handle_error (c:\Users\Administrator\Desktop\webdqblog\node_modules\express\lib\router\layer.js:71:5)
[Sat Jan 13 2018 18:37:31 GMT+0800 (中国标准时间)] /articles/detail/5a596e940b0f4f142cbc3bf
Error: Could not find include include file.
    at getIncludePath (c:\Users\Administrator\Desktop\webdqblog\node_modules\ejs\lib\ejs.js:152:13)
    at includeSource (c:\Users\Administrator\Desktop\webdqblog\node_modules\ejs\lib\ejs.js:276:17)
    at c:\Users\Administrator\Desktop\webdqblog\node_modules\ejs\lib\ejs.js:629:26
    at Array.forEach (native)
    at Object.generateSource (c:\Users\Administrator\Desktop\webdqblog\node_modules\ejs\lib\ejs.js:605:15)
    at Object.compile (c:\Users\Administrator\Desktop\webdqblog\node_modules\ejs\lib\ejs.js:509:12)
    at Object.compile (c:\Users\Administrator\Desktop\webdqblog\node_modules\ejs\lib\ejs.js:358:16)
    at handleCache (c:\Users\Administrator\Desktop\webdqblog\node_modules\ejs\lib\ejs.js:201:18)
    at tryHandleCache (c:\Users\Administrator\Desktop\webdqblog\node_modules\ejs\lib\ejs.js:223:14)
    at View.exports.renderFile [as engine] (c:\Users\Administrator\Desktop\webdqblog\node_modules\ejs\lib\ejs.js:437:10)
    at View.render (c:\Users\Administrator\Desktop\webdqblog\node_modules\express\lib\view.js:127:8)
    at tryRender (c:\Users\Administrator\Desktop\webdqblog\node_modules\express\lib\application.js:640:10)
    at EventEmitter.render (c:\Users\Administrator\Desktop\webdqblog\node_modules\express\lib\application.js:592:3)
    at ServerResponse.render (c:\Users\Administrator\Desktop\webdqblog\node_modules\express\lib\response.js:971:7)
    at c:\Users\Administrator\Desktop\webdqblog\app.js:66:7
    at Layer.handle_error (c:\Users\Administrator\Desktop\webdqblog\node_modules\express\lib\router\layer.js:71:5)
